# JRE version: OpenJDK Runtime Environment (21.0.4) (build 21.0.4+-12508038-b607.1)
# Java VM: OpenJDK 64-Bit Server VM (21.0.4+-12508038-b607.1, mixed mode, tiered, compressed oops, compressed class ptrs, g1 gc, windows-amd64)
GC Precious Log:
 CardTable entry size: 512
 Card Set container configuration: InlinePtr #cards 5 size 8 Array Of Cards #cards 12 size 40 Howl #buckets 4 coarsen threshold 1843 Howl Bitmap #cards 512 size 80 coarsen threshold 460 Card regions per heap region 1 cards per card region 2048
 CPUs: 2 total, 2 available
 Memory: 3930M
 Large Page Support: Disabled
 NUMA Support: Disabled
 Compressed Oops: Enabled (32-bit)
 Heap Region Size: 1M
 Heap Min Capacity: 8M
 Heap Initial Capacity: 62M
 Heap Max Capacity: 2G
 Pre-touch: Disabled
 Parallel Workers: 2
 Concurrent Workers: 1
 Concurrent Refinement Workers: 2
 Periodic GC: Disabled
Heap:
 garbage-first heap   total 102400K, used 64763K [0x0000000080000000, 0x0000000100000000)
  region size 1024K, 3 young (3072K), 3 survivors (3072K)
 Metaspace       used 78944K, committed 80768K, reserved 1179648K
  class space    used 10543K, committed 11456K, reserved 1048576K
GC Heap History (20 events):
Event: 35.984 GC heap before
{Heap before GC invocations=20 (full 0):
 garbage-first heap   total 76800K, used 68932K [0x0000000080000000, 0x0000000100000000)
  region size 1024K, 32 young (32768K), 2 survivors (2048K)
 Metaspace       used 62924K, committed 64448K, reserved 1114112K
  class space    used 8604K, committed 9344K, reserved 1048576K
}
Event: 35.996 GC heap after
{Heap after GC invocations=21 (full 0):
 garbage-first heap   total 76800K, used 40131K [0x0000000080000000, 0x0000000100000000)
  region size 1024K, 4 young (4096K), 4 survivors (4096K)
 Metaspace       used 62924K, committed 64448K, reserved 1114112K
  class space    used 8604K, committed 9344K, reserved 1048576K
}
Event: 38.310 GC heap before
{Heap before GC invocations=21 (full 0):
 garbage-first heap   total 76800K, used 66755K [0x0000000080000000, 0x0000000100000000)
  region size 1024K, 30 young (30720K), 4 survivors (4096K)
 Metaspace       used 65453K, committed 67136K, reserved 1114112K
  class space    used 8939K, committed 9792K, reserved 1048576K
}
Event: 38.338 GC heap after
{Heap after GC invocations=22 (full 0):
 garbage-first heap   total 76800K, used 42155K [0x0000000080000000, 0x0000000100000000)
  region size 1024K, 4 young (4096K), 4 survivors (4096K)
 Metaspace       used 65453K, committed 67136K, reserved 1114112K
  class space    used 8939K, committed 9792K, reserved 1048576K
}
Event: 39.657 GC heap before
{Heap before GC invocations=22 (full 0):
 garbage-first heap   total 76800K, used 65707K [0x0000000080000000, 0x0000000100000000)
  region size 1024K, 28 young (28672K), 4 survivors (4096K)
 Metaspace       used 66142K, committed 67840K, reserved 1114112K
  class space    used 9008K, committed 9856K, reserved 1048576K
}
Event: 39.679 GC heap after
{Heap after GC invocations=23 (full 0):
 garbage-first heap   total 76800K, used 46848K [0x0000000080000000, 0x0000000100000000)
  region size 1024K, 4 young (4096K), 4 survivors (4096K)
 Metaspace       used 66142K, committed 67840K, reserved 1114112K
  class space    used 9008K, committed 9856K, reserved 1048576K
}
Event: 40.649 GC heap before
{Heap before GC invocations=24 (full 0):
 garbage-first heap   total 78848K, used 66304K [0x0000000080000000, 0x0000000100000000)
  region size 1024K, 24 young (24576K), 4 survivors (4096K)
 Metaspace       used 66488K, committed 68160K, reserved 1114112K
  class space    used 9035K, committed 9856K, reserved 1048576K
}
Event: 40.658 GC heap after
{Heap after GC invocations=25 (full 0):
 garbage-first heap   total 78848K, used 46840K [0x0000000080000000, 0x0000000100000000)
  region size 1024K, 3 young (3072K), 3 survivors (3072K)
 Metaspace       used 66488K, committed 68160K, reserved 1114112K
  class space    used 9035K, committed 9856K, reserved 1048576K
}
Event: 41.699 GC heap before
{Heap before GC invocations=25 (full 0):
 garbage-first heap   total 78848K, used 69368K [0x0000000080000000, 0x0000000100000000)
  region size 1024K, 26 young (26624K), 3 survivors (3072K)
 Metaspace       used 66663K, committed 68352K, reserved 1114112K
  class space    used 9035K, committed 9856K, reserved 1048576K
}
Event: 41.711 GC heap after
{Heap after GC invocations=26 (full 0):
 garbage-first heap   total 78848K, used 46953K [0x0000000080000000, 0x0000000100000000)
  region size 1024K, 3 young (3072K), 3 survivors (3072K)
 Metaspace       used 66663K, committed 68352K, reserved 1114112K
  class space    used 9035K, committed 9856K, reserved 1048576K
}
Event: 42.382 GC heap before
{Heap before GC invocations=26 (full 0):
 garbage-first heap   total 78848K, used 70505K [0x0000000080000000, 0x0000000100000000)
  region size 1024K, 26 young (26624K), 3 survivors (3072K)
 Metaspace       used 66676K, committed 68352K, reserved 1114112K
  class space    used 9035K, committed 9856K, reserved 1048576K
}
Event: 42.389 GC heap after
{Heap after GC invocations=27 (full 0):
 garbage-first heap   total 95232K, used 47686K [0x0000000080000000, 0x0000000100000000)
  region size 1024K, 3 young (3072K), 3 survivors (3072K)
 Metaspace       used 66676K, committed 68352K, reserved 1114112K
  class space    used 9035K, committed 9856K, reserved 1048576K
}
Event: 43.836 GC heap before
{Heap before GC invocations=28 (full 0):
 garbage-first heap   total 95232K, used 84550K [0x0000000080000000, 0x0000000100000000)
  region size 1024K, 40 young (40960K), 3 survivors (3072K)
 Metaspace       used 66681K, committed 68352K, reserved 1114112K
  class space    used 9035K, committed 9856K, reserved 1048576K
}
Event: 43.847 GC heap after
{Heap after GC invocations=29 (full 0):
 garbage-first heap   total 95232K, used 48659K [0x0000000080000000, 0x0000000100000000)
  region size 1024K, 4 young (4096K), 4 survivors (4096K)
 Metaspace       used 66681K, committed 68352K, reserved 1114112K
  class space    used 9035K, committed 9856K, reserved 1048576K
}
Event: 45.683 GC heap before
{Heap before GC invocations=29 (full 0):
 garbage-first heap   total 95232K, used 89619K [0x0000000080000000, 0x0000000100000000)
  region size 1024K, 38 young (38912K), 4 survivors (4096K)
 Metaspace       used 68721K, committed 70400K, reserved 1114112K
  class space    used 9318K, committed 10176K, reserved 1048576K
}
Event: 45.725 GC heap after
{Heap after GC invocations=30 (full 0):
 garbage-first heap   total 102400K, used 59772K [0x0000000080000000, 0x0000000100000000)
  region size 1024K, 5 young (5120K), 5 survivors (5120K)
 Metaspace       used 68721K, committed 70400K, reserved 1114112K
  class space    used 9318K, committed 10176K, reserved 1048576K
}
Event: 47.322 GC heap before
{Heap before GC invocations=30 (full 0):
 garbage-first heap   total 102400K, used 88444K [0x0000000080000000, 0x0000000100000000)
  region size 1024K, 34 young (34816K), 5 survivors (5120K)
 Metaspace       used 71513K, committed 73280K, reserved 1114112K
  class space    used 9627K, committed 10496K, reserved 1048576K
}
Event: 47.355 GC heap after
{Heap after GC invocations=31 (full 0):
 garbage-first heap   total 102400K, used 61384K [0x0000000080000000, 0x0000000100000000)
  region size 1024K, 1 young (1024K), 1 survivors (1024K)
 Metaspace       used 71513K, committed 73280K, reserved 1114112K
  class space    used 9627K, committed 10496K, reserved 1048576K
}
Event: 50.448 GC heap before
{Heap before GC invocations=32 (full 0):
 garbage-first heap   total 102400K, used 91080K [0x0000000080000000, 0x0000000100000000)
  region size 1024K, 31 young (31744K), 1 survivors (1024K)
 Metaspace       used 75040K, committed 76864K, reserved 1179648K
  class space    used 9978K, committed 10880K, reserved 1048576K
}
Event: 50.555 GC heap after
{Heap after GC invocations=33 (full 0):
 garbage-first heap   total 102400K, used 62140K [0x0000000080000000, 0x0000000100000000)
  region size 1024K, 2 young (2048K), 2 survivors (2048K)
 Metaspace       used 75040K, committed 76864K, reserved 1179648K
  class space    used 9978K, committed 10880K, reserved 1048576K
}

